[ 2025-06-16 20:13:41,230 ] 1025 httpx - INFO - HTTP Request: GET https://dagshub.com/api/v1/user "HTTP/1.1 200 OK"
[ 2025-06-16 20:13:41,242 ] 107 dagshub - INFO - Accessing as raghavbankar
[ 2025-06-16 20:13:41,944 ] 1025 httpx - INFO - HTTP Request: GET https://dagshub.com/api/v1/repos/raghavbankar/NetworkSecurity "HTTP/1.1 200 OK"
[ 2025-06-16 20:13:42,765 ] 1025 httpx - INFO - HTTP Request: GET https://dagshub.com/api/v1/user "HTTP/1.1 200 OK"
[ 2025-06-16 20:13:42,768 ] 107 dagshub - INFO - Initialized MLflow to track repo "raghavbankar/NetworkSecurity"
[ 2025-06-16 20:13:42,768 ] 107 dagshub - INFO - Repository raghavbankar/NetworkSecurity initialized!
[ 2025-06-16 20:13:43,137 ] 17 root - INFO - Initiate the data ingestion
[ 2025-06-16 20:13:48,177 ] 62 root - INFO - Performed Train test split
[ 2025-06-16 20:13:48,251 ] 75 root - INFO - Exported Train and Test data
[ 2025-06-16 20:13:48,251 ] 19 root - INFO - Data ingestion completed
[ 2025-06-16 20:13:48,267 ] 24 root - INFO - Data Validation Initiated
[ 2025-06-16 20:13:48,363 ] 37 root - INFO - The length of the schema is -2
[ 2025-06-16 20:13:48,363 ] 38 root - INFO - The length of the dataframe is 8844
[ 2025-06-16 20:13:48,363 ] 37 root - INFO - The length of the schema is -2
[ 2025-06-16 20:13:48,363 ] 38 root - INFO - The length of the dataframe is 2211
[ 2025-06-16 20:13:48,363 ] 50 root - INFO - The number of num columns in schema is {schema_num_columns}
[ 2025-06-16 20:13:48,363 ] 52 root - INFO - The number of num column in the dataframe is {num_columns_dataframe}
[ 2025-06-16 20:13:48,363 ] 50 root - INFO - The number of num columns in schema is {schema_num_columns}
[ 2025-06-16 20:13:48,363 ] 52 root - INFO - The number of num column in the dataframe is {num_columns_dataframe}
[ 2025-06-16 20:13:48,563 ] 26 root - INFO - Data Validation completed
[ 2025-06-16 20:13:48,563 ] 31 root - INFO - Data Transformation Initiated
[ 2025-06-16 20:13:48,563 ] 41 root - INFO - Transformation Started
[ 2025-06-16 20:13:48,601 ] 54 root - INFO - Preprocessing Started
[ 2025-06-16 20:13:48,601 ] 35 root - INFO - Preprocessor object Created
[ 2025-06-16 20:13:48,613 ] 61 root - INFO - Preprocessing Completed
[ 2025-06-16 20:13:48,637 ] 76 root - INFO - transformation completed
[ 2025-06-16 20:13:48,639 ] 33 root - INFO - Data Transformation Completed
[ 2025-06-16 20:13:48,639 ] 36 root - INFO - Model training Started
