[ 2025-06-16 19:55:38,008 ] 1025 httpx - INFO - HTTP Request: GET https://dagshub.com/api/v1/user "HTTP/1.1 200 OK"
[ 2025-06-16 19:55:38,029 ] 107 dagshub - INFO - Accessing as raghavbankar
[ 2025-06-16 19:55:38,621 ] 1025 httpx - INFO - HTTP Request: GET https://dagshub.com/api/v1/repos/raghavbankar/NetworkSecurity "HTTP/1.1 200 OK"
[ 2025-06-16 19:55:39,240 ] 1025 httpx - INFO - HTTP Request: GET https://dagshub.com/api/v1/user "HTTP/1.1 200 OK"
[ 2025-06-16 19:55:39,245 ] 107 dagshub - INFO - Initialized MLflow to track repo "raghavbankar/NetworkSecurity"
[ 2025-06-16 19:55:39,246 ] 107 dagshub - INFO - Repository raghavbankar/NetworkSecurity initialized!
[ 2025-06-16 19:55:40,901 ] 17 root - INFO - Initiate the data ingestion
[ 2025-06-16 19:55:46,926 ] 62 root - INFO - Performed Train test split
[ 2025-06-16 19:55:47,012 ] 75 root - INFO - Exported Train and Test data
[ 2025-06-16 19:55:47,012 ] 19 root - INFO - Data ingestion completed
[ 2025-06-16 19:55:47,040 ] 24 root - INFO - Data Validation Initiated
[ 2025-06-16 19:55:47,138 ] 37 root - INFO - The length of the schema is -2
[ 2025-06-16 19:55:47,138 ] 38 root - INFO - The length of the dataframe is 8844
[ 2025-06-16 19:55:47,138 ] 37 root - INFO - The length of the schema is -2
[ 2025-06-16 19:55:47,138 ] 38 root - INFO - The length of the dataframe is 2211
[ 2025-06-16 19:55:47,138 ] 50 root - INFO - The number of num columns in schema is {schema_num_columns}
[ 2025-06-16 19:55:47,138 ] 52 root - INFO - The number of num column in the dataframe is {num_columns_dataframe}
[ 2025-06-16 19:55:47,138 ] 50 root - INFO - The number of num columns in schema is {schema_num_columns}
[ 2025-06-16 19:55:47,138 ] 52 root - INFO - The number of num column in the dataframe is {num_columns_dataframe}
[ 2025-06-16 19:55:47,398 ] 26 root - INFO - Data Validation completed
[ 2025-06-16 19:55:47,401 ] 31 root - INFO - Data Transformation Initiated
[ 2025-06-16 19:55:47,401 ] 41 root - INFO - Transformation Started
[ 2025-06-16 19:55:47,439 ] 54 root - INFO - Preprocessing Started
[ 2025-06-16 19:55:47,439 ] 35 root - INFO - Preprocessor object Created
[ 2025-06-16 19:55:47,453 ] 61 root - INFO - Preprocessing Completed
[ 2025-06-16 19:55:47,464 ] 76 root - INFO - transformation completed
[ 2025-06-16 19:55:47,466 ] 33 root - INFO - Data Transformation Completed
[ 2025-06-16 19:55:47,467 ] 36 root - INFO - Model training Started
